<?xml version="1.0" encoding="UTF-8" ?>
<testsuite tests="3" failures="0" name="com.vamshi.myonlinestorebackend.SupplierUnitTest" time="0" errors="0" skipped="3">
  <properties>
[...]
</properties>
  <testcase classname="com.vamshi.myonlinestorebackend.SupplierUnitTest" name="listSupplieresTest" time="0">
    <skipped/>
  </testcase>
  <testcase classname="com.vamshi.myonlinestorebackend.SupplierUnitTest" name="addSupplierTest" time="0">
    <skipped/>
  </testcase>
  <testcase classname="com.vamshi.myonlinestorebackend.SupplierUnitTest" name="deleteSupplierTest" time="0">
    <skipped/>
  </testcase>
</testsuite>